Arguments: 
  /usr/local/bin/node /home/swnb/.yarn/bin/yarn.js init

PATH: 
  /home/swnb/.yarn/bin:/home/swnb/bin:/home/swnb/.local/bin:/usr/local/sbin:/usr/local/bin:/usr/sbin:/usr/bin:/sbin:/bin:/usr/games:/usr/local/games:/snap/bin

Yarn version: 
  1.3.2

Node version: 
  8.5.0

Platform: 
  linux x64

npm manifest: 
  

yarn manifest: 
  No manifest

Lockfile: 
  # THIS IS AN AUTOGENERATED FILE. DO NOT EDIT THIS FILE DIRECTLY.
  # yarn lockfile v1
  
  
  mime@^2.1.0:
    version "2.1.0"
    resolved "http://registry.npm.taobao.org/mime/download/mime-2.1.0.tgz#1022a5ada445aa30686e4059abaea83d0b4e8f9c"

Trace: 
  SyntaxError: /home/swnb/util/dir_info/package.json: Unexpected end of JSON input
      at JSON.parse (<anonymous>)
      at /home/swnb/.yarn/lib/cli.js:770:59
      at Generator.next (<anonymous>)
      at step (/home/swnb/.yarn/lib/cli.js:92:30)
      at /home/swnb/.yarn/lib/cli.js:103:13
      at <anonymous>
